#
# There is insufficient memory for the Java Runtime Environment to continue.
# Native memory allocation (malloc) failed to allocate 32744 bytes for ChunkPool::allocate
# Possible reasons:
#   The system is out of physical RAM or swap space
#   The process is running with CompressedOops enabled, and the Java Heap may be blocking the growth of the native heap
# Possible solutions:
#   Reduce memory load on the system
#   Increase physical memory or swap space
#   Check if swap backing store is full
#   Decrease Java heap size (-Xmx/-Xms)
#   Decrease number of Java threads
#   Decrease Java thread stack sizes (-Xss)
#   Set larger code cache with -XX:ReservedCodeCacheSize=
#   JVM is running with Zero Based Compressed Oops mode in which the Java heap is
#     placed in the first 32GB address space. The Java Heap base address is the
#     maximum limit for the native heap growth. Please use -XX:HeapBaseMinAddress
#     to set the Java Heap base and to place the Java Heap above 32GB virtual address.
# This output file may be truncated or incomplete.
#
#  Out of Memory Error (allocation.cpp:272), pid=2676, tid=0x0000000000004994
#
# JRE version: Java(TM) SE Runtime Environment (8.0_291-b10) (build 1.8.0_291-b10)
# Java VM: Java HotSpot(TM) 64-Bit Server VM (25.291-b10 mixed mode windows-amd64 compressed oops)
# Failed to write core dump. Minidumps are not enabled by default on client versions of Windows
#

---------------  T H R E A D  ---------------

Current thread (0x000001b67772a000):  JavaThread "main" [_thread_in_vm, id=18836, stack(0x000000400ea00000,0x000000400eb00000)]

Stack: [0x000000400ea00000,0x000000400eb00000]
Native frames: (J=compiled Java code, j=interpreted, Vv=VM code, C=native code)
V  [jvm.dll+0x32ea19]

Java frames: (J=compiled Java code, j=interpreted, Vv=VM code)
j  java.lang.Throwable.fillInStackTrace(I)Ljava/lang/Throwable;+0
j  java.lang.Throwable.fillInStackTrace()Ljava/lang/Throwable;+16
j  java.lang.Throwable.<init>()V+24
j  java.lang.Error.<init>()V+1
j  java.lang.VirtualMachineError.<init>()V+1
j  java.lang.OutOfMemoryError.<init>()V+1
v  ~StubRoutines::call_stub
j  java.util.zip.Inflater.inflateBytes(J[BII)I+0
j  java.util.zip.Inflater.inflate([BII)I+65
j  java.util.zip.InflaterInputStream.read([BII)I+53
j  sun.misc.IOUtils.readFully(Ljava/io/InputStream;IZ)[B+79
j  java.util.jar.JarFile.getBytes(Ljava/util/zip/ZipEntry;)[B+15
j  java.util.jar.JarFile.checkForSpecialAttributes()V+26
j  java.util.jar.JarFile.hasClassPathAttribute()Z+1
j  java.util.jar.JavaUtilJarAccessImpl.jarFileHasClassPathAttribute(Ljava/util/jar/JarFile;)Z+1
j  sun.misc.URLClassPath$JarLoader.getClassPath()[Ljava/net/URL;+33
J 48 C1 sun.misc.URLClassPath.getLoader(I)Lsun/misc/URLClassPath$Loader; (243 bytes) @ 0x000001b600121b0c [0x000001b6001206c0+0x144c]
J 47 C1 sun.misc.URLClassPath.getNextLoader([II)Lsun/misc/URLClassPath$Loader; (88 bytes) @ 0x000001b60012698c [0x000001b6001264a0+0x4ec]
j  sun.misc.URLClassPath.getResource(Ljava/lang/String;Z)Lsun/misc/Resource;+51
j  java.net.URLClassLoader$1.run()Ljava/lang/Class;+26
j  java.net.URLClassLoader$1.run()Ljava/lang/Object;+1
v  ~StubRoutines::call_stub
j  java.security.AccessController.doPrivileged(Ljava/security/PrivilegedExceptionAction;Ljava/security/AccessControlContext;)Ljava/lang/Object;+0
j  java.net.URLClassLoader.findClass(Ljava/lang/String;)Ljava/lang/Class;+13
j  org.codehaus.plexus.classworlds.realm.ClassRealm.loadClassFromSelf(Ljava/lang/String;)Ljava/lang/Class;+20
j  org.codehaus.plexus.classworlds.strategy.SelfFirstStrategy.loadClass(Ljava/lang/String;)Ljava/lang/Class;+18
j  org.codehaus.plexus.classworlds.realm.ClassRealm.unsynchronizedLoadClass(Ljava/lang/String;Z)Ljava/lang/Class;+13
j  org.codehaus.plexus.classworlds.realm.ClassRealm.loadClass(Ljava/lang/String;Z)Ljava/lang/Class;+9
j  org.codehaus.plexus.classworlds.realm.ClassRealm.loadClass(Ljava/lang/String;)Ljava/lang/Class;+3
v  ~StubRoutines::call_stub
j  java.lang.Class.getDeclaredMethods0(Z)[Ljava/lang/reflect/Method;+0
j  java.lang.Class.privateGetDeclaredMethods(Z)[Ljava/lang/reflect/Method;+37
j  java.lang.Class.privateGetMethodRecursive(Ljava/lang/String;[Ljava/lang/Class;ZLjava/lang/Class$MethodArray;)Ljava/lang/reflect/Method;+2
j  java.lang.Class.getMethod0(Ljava/lang/String;[Ljava/lang/Class;Z)Ljava/lang/reflect/Method;+16
j  java.lang.Class.getMethod(Ljava/lang/String;[Ljava/lang/Class;)Ljava/lang/reflect/Method;+13
j  org.codehaus.plexus.classworlds.launcher.Launcher.getEnhancedMainMethod()Ljava/lang/reflect/Method;+32
j  org.codehaus.plexus.classworlds.launcher.Launcher.launchEnhanced([Ljava/lang/String;)V+11
j  org.codehaus.plexus.classworlds.launcher.Launcher.launch([Ljava/lang/String;)V+2
j  org.codehaus.plexus.classworlds.launcher.Launcher.mainWithExitCode([Ljava/lang/String;)I+101
j  org.codehaus.plexus.classworlds.launcher.Launcher.main([Ljava/lang/String;)V+1
j  org.codehaus.classworlds.Launcher.main([Ljava/lang/String;)V+1
v  ~StubRoutines::call_stub

---------------  P R O C E S S  ---------------

Java Threads: ( => current thread )
  0x000001b67da1e800 JavaThread "Service Thread" daemon [_thread_blocked, id=19164, stack(0x000000400ff00000,0x0000004010000000)]
  0x000001b67da27800 JavaThread "C1 CompilerThread3" daemon [_thread_blocked, id=19592, stack(0x000000400fe00000,0x000000400ff00000)]
  0x000001b67da27000 JavaThread "C2 CompilerThread2" daemon [_thread_blocked, id=13284, stack(0x000000400fd00000,0x000000400fe00000)]
  0x000001b67da24000 JavaThread "C2 CompilerThread1" daemon [_thread_blocked, id=23536, stack(0x000000400fc00000,0x000000400fd00000)]
  0x000001b67da22000 JavaThread "C2 CompilerThread0" daemon [_thread_blocked, id=22624, stack(0x000000400fb00000,0x000000400fc00000)]
  0x000001b67da20000 JavaThread "Monitor Ctrl-Break" daemon [_thread_in_native, id=14176, stack(0x000000400fa00000,0x000000400fb00000)]
  0x000001b67b603800 JavaThread "Attach Listener" daemon [_thread_blocked, id=22188, stack(0x000000400f900000,0x000000400fa00000)]
  0x000001b67b5ed000 JavaThread "Signal Dispatcher" daemon [_thread_blocked, id=22252, stack(0x000000400f800000,0x000000400f900000)]
  0x000001b67b5ce000 JavaThread "Finalizer" daemon [_thread_blocked, id=22216, stack(0x000000400f700000,0x000000400f800000)]
  0x000001b67b5c6800 JavaThread "Reference Handler" daemon [_thread_blocked, id=21756, stack(0x000000400f600000,0x000000400f700000)]
=>0x000001b67772a000 JavaThread "main" [_thread_in_vm, id=18836, stack(0x000000400ea00000,0x000000400eb00000)]

Other Threads:
  0x000001b67b5a0000 VMThread [stack: 0x000000400f500000,0x000000400f600000] [id=13956]
  0x000001b67db0c800 WatcherThread [stack: 0x0000004010000000,0x0000004010100000] [id=23108]

VM state:not at safepoint (normal execution)

VM Mutex/Monitor currently owned by a thread: None

heap address: 0x00000006c3e00000, size: 4034 MB, Compressed Oops mode: Zero based, Oop shift amount: 3
Narrow klass base: 0x0000000000000000, Narrow klass shift: 3
Compressed class space size: 1073741824 Address: 0x00000007c0000000

Heap:
 PSYoungGen      total 75776K, used 6505K [0x000000076bf80000, 0x0000000771400000, 0x00000007c0000000)
  eden space 65024K, 10% used [0x000000076bf80000,0x000000076c5da650,0x000000076ff00000)
  from space 10752K, 0% used [0x0000000770980000,0x0000000770980000,0x0000000771400000)
  to   space 10752K, 0% used [0x000000076ff00000,0x000000076ff00000,0x0000000770980000)
 ParOldGen       total 173568K, used 0K [0x00000006c3e00000, 0x00000006ce780000, 0x000000076bf80000)
  object space 173568K, 0% used [0x00000006c3e00000,0x00000006c3e00000,0x00000006ce780000)
 Metaspace       used 3534K, capacity 4674K, committed 4864K, reserved 1056768K
  class space    used 381K, capacity 430K, committed 512K, reserved 1048576K

Card table byte_map: [0x000001b679600000,0x000001b679df0000] byte_map_base: 0x000001b675fe1000

Marking Bits: (ParMarkBitMap*) 0x0000000072957fe0
 Begin Bits: [0x000001b60f000000, 0x000001b612f08000)
 End Bits:   [0x000001b612f08000, 0x000001b616e10000)

Polling page: 0x000001b6776d0000

CodeCache: size=245760Kb used=1373Kb max_used=1373Kb free=244386Kb
 bounds [0x000001b600000000, 0x000001b600270000, 0x000001b60f000000]
 total_blobs=385 nmethods=124 adapters=174
 compilation: enabled

Compilation events (10 events):
Event: 0.098 Thread 0x000001b67da22000  118       4       java.lang.String::hashCode (55 bytes)
Event: 0.098 Thread 0x000001b67da27800 nmethod 114 0x000001b60014d350 code [0x000001b60014d700, 0x000001b60014f9c0]
Event: 0.098 Thread 0x000001b67da27800  115       3       java.nio.charset.CharsetEncoder::reset (11 bytes)
Event: 0.098 Thread 0x000001b67da27800 nmethod 115 0x000001b600140810 code [0x000001b600140960, 0x000001b600140b98]
Event: 0.098 Thread 0x000001b67da27800  117       3       java.io.WinNTFileSystem::prefixLength (91 bytes)
Event: 0.099 Thread 0x000001b67da27800 nmethod 117 0x000001b600145250 code [0x000001b600145440, 0x000001b600145fd0]
Event: 0.099 Thread 0x000001b67da27800  121       3       java.util.jar.Manifest$FastInputStream::readLine (167 bytes)
Event: 0.099 Thread 0x000001b67da27800 nmethod 121 0x000001b6001447d0 code [0x000001b600144980, 0x000001b600144f60]
Event: 0.099 Thread 0x000001b67da27800  120       3       sun.nio.cs.UTF_8$Decoder::decode (779 bytes)
Event: 0.099 Thread 0x000001b67da22000 nmethod 118 0x000001b6001400d0 code [0x000001b600140200, 0x000001b600140378]

GC Heap History (0 events):
No events

Deoptimization events (0 events):
No events

Classes redefined (0 events):
No events

Internal exceptions (5 events):
Event: 0.022 Thread 0x000001b67772a000 Exception <a 'java/lang/NoSuchMethodError': Method sun.misc.Unsafe.defineClass(Ljava/lang/String;[BII)Ljava/lang/Class; name or signature does not match> (0x000000076bf87cc0) thrown at [C:\jenkins\workspace\8-2-build-windows-amd64-cygwin\jdk8u291\1294\hot
Event: 0.022 Thread 0x000001b67772a000 Exception <a 'java/lang/NoSuchMethodError': Method sun.misc.Unsafe.prefetchRead(Ljava/lang/Object;J)V name or signature does not match> (0x000000076bf87fa8) thrown at [C:\jenkins\workspace\8-2-build-windows-amd64-cygwin\jdk8u291\1294\hotspot\src\share\vm\
Event: 0.058 Thread 0x000001b67772a000 Exception <a 'java/util/zip/ZipException'> (0x000000076c04fbd8) thrown at [C:\jenkins\workspace\8-2-build-windows-amd64-cygwin\jdk8u291\1294\hotspot\src\share\vm\prims\jni.cpp, line 710]
Event: 0.058 Thread 0x000001b67772a000 Exception <a 'java/security/PrivilegedActionException'> (0x000000076c050310) thrown at [C:\jenkins\workspace\8-2-build-windows-amd64-cygwin\jdk8u291\1294\hotspot\src\share\vm\prims\jvm.cpp, line 1523]
Event: 0.058 Thread 0x000001b67772a000 Exception <a 'java/security/PrivilegedActionException'> (0x000000076c050520) thrown at [C:\jenkins\workspace\8-2-build-windows-amd64-cygwin\jdk8u291\1294\hotspot\src\share\vm\prims\jvm.cpp, line 1523]

Events (10 events):
Event: 0.093 loading class java/lang/IllegalStateException
Event: 0.093 loading class java/lang/IllegalStateException done
Event: 0.093 loading class org/codehaus/plexus/PlexusContainer
Event: 0.093 loading class org/codehaus/plexus/PlexusContainer done
Event: 0.099 loading class org/apache/maven/eventspy/EventSpy$Context
Event: 0.099 loading class org/apache/maven/eventspy/EventSpy$Context done
Event: 0.099 loading class org/codehaus/plexus/logging/LoggerManager
Event: 0.099 loading class org/codehaus/plexus/logging/LoggerManager done
Event: 0.100 loading class org/slf4j/Logger
Event: 0.100 loading class org/slf4j/Logger done


Dynamic libraries:
0x00007ff663d10000 - 0x00007ff663d57000 	D:\software\Java\jdk1.8.0_291\bin\java.exe
0x00007ffd377c0000 - 0x00007ffd379b0000 	C:\Windows\SYSTEM32\ntdll.dll
0x00007ffd364d0000 - 0x00007ffd36582000 	C:\Windows\System32\KERNEL32.DLL
0x00007ffd355c0000 - 0x00007ffd35863000 	C:\Windows\System32\KERNELBASE.dll
0x00007ffd36740000 - 0x00007ffd367e3000 	C:\Windows\System32\ADVAPI32.dll
0x00007ffd36430000 - 0x00007ffd364ce000 	C:\Windows\System32\msvcrt.dll
0x00007ffd35bc0000 - 0x00007ffd35c57000 	C:\Windows\System32\sechost.dll
0x00007ffd35870000 - 0x00007ffd35990000 	C:\Windows\System32\RPCRT4.dll
0x00007ffd37440000 - 0x00007ffd375d4000 	C:\Windows\System32\USER32.dll
0x00007ffd34d20000 - 0x00007ffd34d41000 	C:\Windows\System32\win32u.dll
0x00007ffd36800000 - 0x00007ffd36826000 	C:\Windows\System32\GDI32.dll
0x00007ffd34780000 - 0x00007ffd34914000 	C:\Windows\System32\gdi32full.dll
0x00007ffd35520000 - 0x00007ffd355be000 	C:\Windows\System32\msvcp_win.dll
0x00007ffd34940000 - 0x00007ffd34a3a000 	C:\Windows\System32\ucrtbase.dll
0x00007ffd155e0000 - 0x00007ffd15865000 	C:\Windows\WinSxS\amd64_microsoft.windows.common-controls_6595b64144ccf1df_6.0.18362.592_none_e6c0b1911312be02\COMCTL32.dll
0x00007ffd37030000 - 0x00007ffd37366000 	C:\Windows\System32\combase.dll
0x00007ffd34a40000 - 0x00007ffd34ac0000 	C:\Windows\System32\bcryptPrimitives.dll
0x00007ffd37000000 - 0x00007ffd3702e000 	C:\Windows\System32\IMM32.DLL
0x00007ffd23880000 - 0x00007ffd23895000 	D:\software\Java\jdk1.8.0_291\jre\bin\vcruntime140.dll
0x00007ffd07010000 - 0x00007ffd070ab000 	D:\software\Java\jdk1.8.0_291\jre\bin\msvcp140.dll
0x0000000072170000 - 0x00000000729d0000 	D:\software\Java\jdk1.8.0_291\jre\bin\server\jvm.dll
0x00007ffd36f40000 - 0x00007ffd36f48000 	C:\Windows\System32\PSAPI.DLL
0x00007ffd25a40000 - 0x00007ffd25a49000 	C:\Windows\SYSTEM32\WSOCK32.dll
0x00007ffd32800000 - 0x00007ffd32824000 	C:\Windows\SYSTEM32\WINMM.dll
0x00007ffd36940000 - 0x00007ffd369af000 	C:\Windows\System32\WS2_32.dll
0x00007ffd2eba0000 - 0x00007ffd2ebaa000 	C:\Windows\SYSTEM32\VERSION.dll
0x00007ffd327d0000 - 0x00007ffd327fd000 	C:\Windows\SYSTEM32\WINMMBASE.dll
0x00007ffd354d0000 - 0x00007ffd3551a000 	C:\Windows\System32\cfgmgr32.dll
0x00007ffd346a0000 - 0x00007ffd346b1000 	C:\Windows\System32\kernel.appcore.dll
0x00007ffd25a30000 - 0x00007ffd25a40000 	D:\software\Java\jdk1.8.0_291\jre\bin\verify.dll
0x00007ffd22f10000 - 0x00007ffd22f3b000 	D:\software\Java\jdk1.8.0_291\jre\bin\java.dll
0x00007ffd22870000 - 0x00007ffd228a0000 	D:\software\Java\jdk1.8.0_291\jre\bin\instrument.dll
0x00007ffd23860000 - 0x00007ffd23878000 	D:\software\Java\jdk1.8.0_291\jre\bin\zip.dll
0x00007ffd35c60000 - 0x00007ffd36345000 	C:\Windows\System32\SHELL32.dll
0x00007ffd36e90000 - 0x00007ffd36f39000 	C:\Windows\System32\shcore.dll
0x00007ffd34d50000 - 0x00007ffd354cf000 	C:\Windows\System32\windows.storage.dll
0x00007ffd346c0000 - 0x00007ffd346df000 	C:\Windows\System32\profapi.dll
0x00007ffd34700000 - 0x00007ffd3474a000 	C:\Windows\System32\powrprof.dll
0x00007ffd34690000 - 0x00007ffd346a0000 	C:\Windows\System32\UMPDC.dll
0x00007ffd36350000 - 0x00007ffd363a2000 	C:\Windows\System32\shlwapi.dll
0x00007ffd34920000 - 0x00007ffd34937000 	C:\Windows\System32\cryptsp.dll
0x00007ffd21d10000 - 0x00007ffd21d2a000 	D:\software\JetBrains\IntelliJ IDEA 2021.1.2\bin\breakgen64.dll
0x00007ffd22f60000 - 0x00007ffd22f7c000 	D:\software\Java\jdk1.8.0_291\jre\bin\net.dll
0x00007ffd33ea0000 - 0x00007ffd33f07000 	C:\Windows\system32\mswsock.dll

VM Arguments:
jvm_args: -Dmaven.multiModuleProjectDirectory=E:\gitee\slipper -Dmaven.home=D:\software\maven\apache-maven-3.8.1 -Dclassworlds.conf=D:\software\maven\apache-maven-3.8.1\bin\m2.conf -Dmaven.ext.class.path=D:\software\JetBrains\IntelliJ IDEA 2021.1.2\plugins\maven\lib\maven-event-listener.jar -javaagent:D:\software\JetBrains\IntelliJ IDEA 2021.1.2\lib\idea_rt.jar=55320:D:\software\JetBrains\IntelliJ IDEA 2021.1.2\bin -Dfile.encoding=UTF-8 
java_command: org.codehaus.classworlds.Launcher -Didea.version=2021.1.2 clean
java_class_path (initial): D:\software\maven\apache-maven-3.8.1\boot\plexus-classworlds-2.6.0.jar;D:\software\maven\apache-maven-3.8.1\boot\plexus-classworlds.license;D:\software\JetBrains\IntelliJ IDEA 2021.1.2\lib\idea_rt.jar
Launcher Type: SUN_STANDARD

Environment Variables:
PATH=C:\Program Files (x86)\Common Files\Oracle\Java\javapath;C:\Windows\system32;C:\Windows;C:\Windows\System32\Wbem;C:\Windows\System32\WindowsPowerShell\v1.0\;C:\Windows\System32\OpenSSH\;D:\software\nvm;D:\software\nvm\nodejs;D:\software\Git\cmd;D:\software\maven\apache-maven-3.8.1\bin;C:\Users\gumingchen\AppData\Local\Microsoft\WindowsApps;D:\software\nvm;D:\software\nvm\nodejs;D:\software\Microsoft VS Code\bin;D:\software\Fiddler
USERNAME=gumingchen
OS=Windows_NT
PROCESSOR_IDENTIFIER=Intel64 Family 6 Model 165 Stepping 3, GenuineIntel



---------------  S Y S T E M  ---------------

OS: Windows 10.0 , 64 bit Build 18362 (10.0.18362.329)

CPU:total 12 (initial active 12) (6 cores per cpu, 2 threads per core) family 6 model 165 stepping 3, cmov, cx8, fxsr, mmx, sse, sse2, sse3, ssse3, sse4.1, sse4.2, popcnt, avx, avx2, aes, clmul, erms, 3dnowpref, lzcnt, ht, tsc, tscinvbit, bmi1, bmi2, adx

Memory: 4k page, physical 16518864k(695940k free), swap 29626060k(3176k free)

vm_info: Java HotSpot(TM) 64-Bit Server VM (25.291-b10) for windows-amd64 JRE (1.8.0_291-b10), built on Apr  9 2021 00:02:00 by "java_re" with MS VC++ 15.9 (VS2017)

time: Tue Jul 20 19:48:24 2021
timezone: ?D1¨²¡À¨º¡Á?¨º¡À??
elapsed time: 0.104910 seconds (0d 0h 0m 0s)

